Traceback (most recent call last):
  File "/home/winterguy/Documents/barrel/DANet/venv/lib/python3.10/site-packages/torch/utils/cpp_extension.py", line 2104, in _run_ninja_build
    subprocess.run(
  File "/home/winterguy/.pyenv/versions/3.10.13/lib/python3.10/subprocess.py", line 526, in run
    raise CalledProcessError(retcode, process.args,
subprocess.CalledProcessError: Command '['ninja', '-v']' returned non-zero exit status 1.

The above exception was the direct cause of the following exception:

Traceback (most recent call last):
  File "<string>", line 1, in <module>
  File "/home/winterguy/Documents/barrel/DANet/encoding/__init__.py", line 13, in <module>
    from . import nn, functions, parallel, utils, models, datasets, transforms
  File "/home/winterguy/Documents/barrel/DANet/encoding/nn/__init__.py", line 12, in <module>
    from .encoding import *
  File "/home/winterguy/Documents/barrel/DANet/encoding/nn/encoding.py", line 18, in <module>
    from ..functions import scaled_l2, aggregate, pairwise_cosine
  File "/home/winterguy/Documents/barrel/DANet/encoding/functions/__init__.py", line 2, in <module>
    from .encoding import *
  File "/home/winterguy/Documents/barrel/DANet/encoding/functions/encoding.py", line 14, in <module>
    from .. import lib
  File "/home/winterguy/Documents/barrel/DANet/encoding/lib/__init__.py", line 9, in <module>
    cpu = load('enclib_cpu', [
  File "/home/winterguy/Documents/barrel/DANet/venv/lib/python3.10/site-packages/torch/utils/cpp_extension.py", line 1314, in load
    return _jit_compile(
  File "/home/winterguy/Documents/barrel/DANet/venv/lib/python3.10/site-packages/torch/utils/cpp_extension.py", line 1721, in _jit_compile
    _write_ninja_file_and_build_library(
  File "/home/winterguy/Documents/barrel/DANet/venv/lib/python3.10/site-packages/torch/utils/cpp_extension.py", line 1833, in _write_ninja_file_and_build_library
    _run_ninja_build(
  File "/home/winterguy/Documents/barrel/DANet/venv/lib/python3.10/site-packages/torch/utils/cpp_extension.py", line 2120, in _run_ninja_build
    raise RuntimeError(message) from e
RuntimeError: Error building extension 'enclib_cpu': [1/7] c++ -MMD -MF encoding_cpu.o.d -DTORCH_EXTENSION_NAME=enclib_cpu -DTORCH_API_INCLUDE_EXTENSION_H -DPYBIND11_COMPILER_TYPE=\"_gcc\" -DPYBIND11_STDLIB=\"_libstdcpp\" -DPYBIND11_BUILD_ABI=\"_cxxabi1011\" -isystem /home/winterguy/Documents/barrel/DANet/venv/lib/python3.10/site-packages/torch/include -isystem /home/winterguy/Documents/barrel/DANet/venv/lib/python3.10/site-packages/torch/include/torch/csrc/api/include -isystem /home/winterguy/Documents/barrel/DANet/venv/lib/python3.10/site-packages/torch/include/TH -isystem /home/winterguy/Documents/barrel/DANet/venv/lib/python3.10/site-packages/torch/include/THC -isystem /home/winterguy/.pyenv/versions/3.10.13/include/python3.10 -D_GLIBCXX_USE_CXX11_ABI=0 -fPIC -std=c++17 -c /home/winterguy/Documents/barrel/DANet/encoding/lib/cpu/encoding_cpu.cpp -o encoding_cpu.o -fPIC -D__HIP_PLATFORM_AMD__=1 -DUSE_ROCM=1 -DHIPBLAS_V2
FAILED: [code=1] encoding_cpu.o 
c++ -MMD -MF encoding_cpu.o.d -DTORCH_EXTENSION_NAME=enclib_cpu -DTORCH_API_INCLUDE_EXTENSION_H -DPYBIND11_COMPILER_TYPE=\"_gcc\" -DPYBIND11_STDLIB=\"_libstdcpp\" -DPYBIND11_BUILD_ABI=\"_cxxabi1011\" -isystem /home/winterguy/Documents/barrel/DANet/venv/lib/python3.10/site-packages/torch/include -isystem /home/winterguy/Documents/barrel/DANet/venv/lib/python3.10/site-packages/torch/include/torch/csrc/api/include -isystem /home/winterguy/Documents/barrel/DANet/venv/lib/python3.10/site-packages/torch/include/TH -isystem /home/winterguy/Documents/barrel/DANet/venv/lib/python3.10/site-packages/torch/include/THC -isystem /home/winterguy/.pyenv/versions/3.10.13/include/python3.10 -D_GLIBCXX_USE_CXX11_ABI=0 -fPIC -std=c++17 -c /home/winterguy/Documents/barrel/DANet/encoding/lib/cpu/encoding_cpu.cpp -o encoding_cpu.o -fPIC -D__HIP_PLATFORM_AMD__=1 -DUSE_ROCM=1 -DHIPBLAS_V2
/home/winterguy/Documents/barrel/DANet/encoding/lib/cpu/encoding_cpu.cpp:47:1: fatal error: error writing to /tmp/ccomaJak.s: No space left on device
   47 | }
      | ^
compilation terminated.
[2/7] c++ -MMD -MF nms_cpu.o.d -DTORCH_EXTENSION_NAME=enclib_cpu -DTORCH_API_INCLUDE_EXTENSION_H -DPYBIND11_COMPILER_TYPE=\"_gcc\" -DPYBIND11_STDLIB=\"_libstdcpp\" -DPYBIND11_BUILD_ABI=\"_cxxabi1011\" -isystem /home/winterguy/Documents/barrel/DANet/venv/lib/python3.10/site-packages/torch/include -isystem /home/winterguy/Documents/barrel/DANet/venv/lib/python3.10/site-packages/torch/include/torch/csrc/api/include -isystem /home/winterguy/Documents/barrel/DANet/venv/lib/python3.10/site-packages/torch/include/TH -isystem /home/winterguy/Documents/barrel/DANet/venv/lib/python3.10/site-packages/torch/include/THC -isystem /home/winterguy/.pyenv/versions/3.10.13/include/python3.10 -D_GLIBCXX_USE_CXX11_ABI=0 -fPIC -std=c++17 -c /home/winterguy/Documents/barrel/DANet/encoding/lib/cpu/nms_cpu.cpp -o nms_cpu.o -fPIC -D__HIP_PLATFORM_AMD__=1 -DUSE_ROCM=1 -DHIPBLAS_V2
FAILED: [code=1] nms_cpu.o 
c++ -MMD -MF nms_cpu.o.d -DTORCH_EXTENSION_NAME=enclib_cpu -DTORCH_API_INCLUDE_EXTENSION_H -DPYBIND11_COMPILER_TYPE=\"_gcc\" -DPYBIND11_STDLIB=\"_libstdcpp\" -DPYBIND11_BUILD_ABI=\"_cxxabi1011\" -isystem /home/winterguy/Documents/barrel/DANet/venv/lib/python3.10/site-packages/torch/include -isystem /home/winterguy/Documents/barrel/DANet/venv/lib/python3.10/site-packages/torch/include/torch/csrc/api/include -isystem /home/winterguy/Documents/barrel/DANet/venv/lib/python3.10/site-packages/torch/include/TH -isystem /home/winterguy/Documents/barrel/DANet/venv/lib/python3.10/site-packages/torch/include/THC -isystem /home/winterguy/.pyenv/versions/3.10.13/include/python3.10 -D_GLIBCXX_USE_CXX11_ABI=0 -fPIC -std=c++17 -c /home/winterguy/Documents/barrel/DANet/encoding/lib/cpu/nms_cpu.cpp -o nms_cpu.o -fPIC -D__HIP_PLATFORM_AMD__=1 -DUSE_ROCM=1 -DHIPBLAS_V2
In file included from /home/winterguy/Documents/barrel/DANet/venv/lib/python3.10/site-packages/torch/include/c10/core/Device.h:5,
                 from /home/winterguy/Documents/barrel/DANet/venv/lib/python3.10/site-packages/torch/include/ATen/core/TensorBody.h:11,
                 from /home/winterguy/Documents/barrel/DANet/venv/lib/python3.10/site-packages/torch/include/ATen/core/Tensor.h:3,
                 from /home/winterguy/Documents/barrel/DANet/venv/lib/python3.10/site-packages/torch/include/ATen/Tensor.h:3,
                 from /home/winterguy/Documents/barrel/DANet/venv/lib/python3.10/site-packages/torch/include/torch/csrc/autograd/function_hook.h:3,
                 from /home/winterguy/Documents/barrel/DANet/venv/lib/python3.10/site-packages/torch/include/torch/csrc/autograd/cpp_hook.h:2,
                 from /home/winterguy/Documents/barrel/DANet/venv/lib/python3.10/site-packages/torch/include/torch/csrc/autograd/variable.h:6,
                 from /home/winterguy/Documents/barrel/DANet/venv/lib/python3.10/site-packages/torch/include/torch/csrc/autograd/autograd.h:3,
                 from /home/winterguy/Documents/barrel/DANet/venv/lib/python3.10/site-packages/torch/include/torch/csrc/api/include/torch/autograd.h:3,
                 from /home/winterguy/Documents/barrel/DANet/venv/lib/python3.10/site-packages/torch/include/torch/csrc/api/include/torch/all.h:7,
                 from /home/winterguy/Documents/barrel/DANet/venv/lib/python3.10/site-packages/torch/include/torch/extension.h:5,
                 from /home/winterguy/Documents/barrel/DANet/encoding/lib/cpu/nms_cpu.cpp:1:
/home/winterguy/Documents/barrel/DANet/encoding/lib/cpu/nms_cpu.cpp: In function ‘std::vector<at::Tensor> Non_Max_Suppression_CPU(const at::Tensor&, const at::Tensor&, double)’:
/home/winterguy/Documents/barrel/DANet/encoding/lib/cpu/nms_cpu.cpp:35:23: warning: ‘at::DeprecatedTypeProperties& at::Tensor::type() const’ is deprecated: Tensor.type() is deprecated. Instead use Tensor.options(), which in many cases (e.g. in a constructor) is a drop-in replacement. If you were using data from type(), that is now available from Tensor itself, so instead of tensor.type().scalar_type(), use tensor.scalar_type() instead and instead of tensor.type().backend() use tensor.device(). [-Wdeprecated-declarations]
   35 |   AT_ASSERT(input.type().scalarType() == at::kFloat || input.type().scalarType() == at::kDouble);
      |             ~~~~~~~~~~^~
/home/winterguy/Documents/barrel/DANet/venv/lib/python3.10/site-packages/torch/include/ATen/core/TensorBody.h:225:30: note: declared here
  225 |   DeprecatedTypeProperties & type() const {
      |                              ^~~~
/home/winterguy/Documents/barrel/DANet/encoding/lib/cpu/nms_cpu.cpp:35:66: warning: ‘at::DeprecatedTypeProperties& at::Tensor::type() const’ is deprecated: Tensor.type() is deprecated. Instead use Tensor.options(), which in many cases (e.g. in a constructor) is a drop-in replacement. If you were using data from type(), that is now available from Tensor itself, so instead of tensor.type().scalar_type(), use tensor.scalar_type() instead and instead of tensor.type().backend() use tensor.device(). [-Wdeprecated-declarations]
   35 |   AT_ASSERT(input.type().scalarType() == at::kFloat || input.type().scalarType() == at::kDouble);
      |                                                        ~~~~~~~~~~^~
/home/winterguy/Documents/barrel/DANet/venv/lib/python3.10/site-packages/torch/include/ATen/core/TensorBody.h:225:30: note: declared here
  225 |   DeprecatedTypeProperties & type() const {
      |                              ^~~~
/home/winterguy/Documents/barrel/DANet/encoding/lib/cpu/nms_cpu.cpp:36:24: warning: ‘at::DeprecatedTypeProperties& at::Tensor::type() const’ is deprecated: Tensor.type() is deprecated. Instead use Tensor.options(), which in many cases (e.g. in a constructor) is a drop-in replacement. If you were using data from type(), that is now available from Tensor itself, so instead of tensor.type().scalar_type(), use tensor.scalar_type() instead and instead of tensor.type().backend() use tensor.device(). [-Wdeprecated-declarations]
   36 |   AT_ASSERT(scores.type().scalarType() == at::kFloat || scores.type().scalarType() == at::kDouble);
      |             ~~~~~~~~~~~^~
/home/winterguy/Documents/barrel/DANet/venv/lib/python3.10/site-packages/torch/include/ATen/core/TensorBody.h:225:30: note: declared here
  225 |   DeprecatedTypeProperties & type() const {
      |                              ^~~~
/home/winterguy/Documents/barrel/DANet/encoding/lib/cpu/nms_cpu.cpp:36:68: warning: ‘at::DeprecatedTypeProperties& at::Tensor::type() const’ is deprecated: Tensor.type() is deprecated. Instead use Tensor.options(), which in many cases (e.g. in a constructor) is a drop-in replacement. If you were using data from type(), that is now available from Tensor itself, so instead of tensor.type().scalar_type(), use tensor.scalar_type() instead and instead of tensor.type().backend() use tensor.device(). [-Wdeprecated-declarations]
   36 |   AT_ASSERT(scores.type().scalarType() == at::kFloat || scores.type().scalarType() == at::kDouble);
      |                                                         ~~~~~~~~~~~^~
/home/winterguy/Documents/barrel/DANet/venv/lib/python3.10/site-packages/torch/include/ATen/core/TensorBody.h:225:30: note: declared here
  225 |   DeprecatedTypeProperties & type() const {
      |                              ^~~~
/home/winterguy/Documents/barrel/DANet/encoding/lib/cpu/nms_cpu.cpp:46:63: warning: ‘at::DeprecatedTypeProperties& at::Tensor::type() const’ is deprecated: Tensor.type() is deprecated. Instead use Tensor.options(), which in many cases (e.g. in a constructor) is a drop-in replacement. If you were using data from type(), that is now available from Tensor itself, so instead of tensor.type().scalar_type(), use tensor.scalar_type() instead and instead of tensor.type().backend() use tensor.device(). [-Wdeprecated-declarations]
   46 |   auto mask = torch::zeros({batch_size, num_boxes}, input.type().toScalarType(at::kByte));
      |                                                     ~~~~~~~~~~^~
/home/winterguy/Documents/barrel/DANet/venv/lib/python3.10/site-packages/torch/include/ATen/core/TensorBody.h:225:30: note: declared here
  225 |   DeprecatedTypeProperties & type() const {
      |                              ^~~~
/home/winterguy/Documents/barrel/DANet/encoding/lib/cpu/nms_cpu.cpp:49:43: warning: ‘T* at::Tensor::data() const [with T = unsigned char]’ is deprecated: Tensor.data<T>() is deprecated. Please use Tensor.data_ptr<T>() instead. [-Wdeprecated-declarations]
   49 |   auto *rawMask = mask.data<unsigned char>();
      |                   ~~~~~~~~~~~~~~~~~~~~~~~~^~
/home/winterguy/Documents/barrel/DANet/venv/lib/python3.10/site-packages/torch/include/ATen/core/TensorBody.h:247:7: note: declared here
  247 |   T * data() const {
      |       ^~~~
/home/winterguy/Documents/barrel/DANet/encoding/lib/cpu/nms_cpu.cpp:50:43: warning: ‘T* at::Tensor::data() const [with T = long int]’ is deprecated: Tensor.data<T>() is deprecated. Please use Tensor.data_ptr<T>() instead. [-Wdeprecated-declarations]
   50 |   auto *rawIdx = sorted_inds.data<int64_t>();
      |                  ~~~~~~~~~~~~~~~~~~~~~~~~~^~
/home/winterguy/Documents/barrel/DANet/venv/lib/python3.10/site-packages/torch/include/ATen/core/TensorBody.h:247:7: note: declared here
  247 |   T * data() const {
      |       ^~~~
/home/winterguy/Documents/barrel/DANet/encoding/lib/cpu/nms_cpu.cpp:52:17: warning: ‘at::DeprecatedTypeProperties& at::Tensor::type() const’ is deprecated: Tensor.type() is deprecated. Instead use Tensor.options(), which in many cases (e.g. in a constructor) is a drop-in replacement. If you were using data from type(), that is now available from Tensor itself, so instead of tensor.type().scalar_type(), use tensor.scalar_type() instead and instead of tensor.type().backend() use tensor.device(). [-Wdeprecated-declarations]
   52 |   if (input.type().scalarType() == at::kFloat)
      |       ~~~~~~~~~~^~
/home/winterguy/Documents/barrel/DANet/venv/lib/python3.10/site-packages/torch/include/ATen/core/TensorBody.h:225:30: note: declared here
  225 |   DeprecatedTypeProperties & type() const {
      |                              ^~~~
/home/winterguy/Documents/barrel/DANet/encoding/lib/cpu/nms_cpu.cpp:54:39: warning: ‘T* at::Tensor::data() const [with T = float]’ is deprecated: Tensor.data<T>() is deprecated. Please use Tensor.data_ptr<T>() instead. [-Wdeprecated-declarations]
   54 |     auto *rawInput = input.data<float>();
      |                      ~~~~~~~~~~~~~~~~~^~
/home/winterguy/Documents/barrel/DANet/venv/lib/python3.10/site-packages/torch/include/ATen/core/TensorBody.h:247:7: note: declared here
  247 |   T * data() const {
      |       ^~~~
/home/winterguy/Documents/barrel/DANet/encoding/lib/cpu/nms_cpu.cpp:77:40: warning: ‘T* at::Tensor::data() const [with T = double]’ is deprecated: Tensor.data<T>() is deprecated. Please use Tensor.data_ptr<T>() instead. [-Wdeprecated-declarations]
   77 |     auto *rawInput = input.data<double>();
      |                      ~~~~~~~~~~~~~~~~~~^~
/home/winterguy/Documents/barrel/DANet/venv/lib/python3.10/site-packages/torch/include/ATen/core/TensorBody.h:247:7: note: declared here
  247 |   T * data() const {
      |       ^~~~
/home/winterguy/Documents/barrel/DANet/encoding/lib/cpu/nms_cpu.cpp: At global scope:
/home/winterguy/Documents/barrel/DANet/encoding/lib/cpu/nms_cpu.cpp:99:1: fatal error: error writing to /tmp/ccIRhv4A.s: No space left on device
   99 | }
      | ^
compilation terminated.
[3/7] c++ -MMD -MF rectify_cpu.o.d -DTORCH_EXTENSION_NAME=enclib_cpu -DTORCH_API_INCLUDE_EXTENSION_H -DPYBIND11_COMPILER_TYPE=\"_gcc\" -DPYBIND11_STDLIB=\"_libstdcpp\" -DPYBIND11_BUILD_ABI=\"_cxxabi1011\" -isystem /home/winterguy/Documents/barrel/DANet/venv/lib/python3.10/site-packages/torch/include -isystem /home/winterguy/Documents/barrel/DANet/venv/lib/python3.10/site-packages/torch/include/torch/csrc/api/include -isystem /home/winterguy/Documents/barrel/DANet/venv/lib/python3.10/site-packages/torch/include/TH -isystem /home/winterguy/Documents/barrel/DANet/venv/lib/python3.10/site-packages/torch/include/THC -isystem /home/winterguy/.pyenv/versions/3.10.13/include/python3.10 -D_GLIBCXX_USE_CXX11_ABI=0 -fPIC -std=c++17 -c /home/winterguy/Documents/barrel/DANet/encoding/lib/cpu/rectify_cpu.cpp -o rectify_cpu.o -fPIC -D__HIP_PLATFORM_AMD__=1 -DUSE_ROCM=1 -DHIPBLAS_V2
FAILED: [code=1] rectify_cpu.o 
c++ -MMD -MF rectify_cpu.o.d -DTORCH_EXTENSION_NAME=enclib_cpu -DTORCH_API_INCLUDE_EXTENSION_H -DPYBIND11_COMPILER_TYPE=\"_gcc\" -DPYBIND11_STDLIB=\"_libstdcpp\" -DPYBIND11_BUILD_ABI=\"_cxxabi1011\" -isystem /home/winterguy/Documents/barrel/DANet/venv/lib/python3.10/site-packages/torch/include -isystem /home/winterguy/Documents/barrel/DANet/venv/lib/python3.10/site-packages/torch/include/torch/csrc/api/include -isystem /home/winterguy/Documents/barrel/DANet/venv/lib/python3.10/site-packages/torch/include/TH -isystem /home/winterguy/Documents/barrel/DANet/venv/lib/python3.10/site-packages/torch/include/THC -isystem /home/winterguy/.pyenv/versions/3.10.13/include/python3.10 -D_GLIBCXX_USE_CXX11_ABI=0 -fPIC -std=c++17 -c /home/winterguy/Documents/barrel/DANet/encoding/lib/cpu/rectify_cpu.cpp -o rectify_cpu.o -fPIC -D__HIP_PLATFORM_AMD__=1 -DUSE_ROCM=1 -DHIPBLAS_V2
In file included from /home/winterguy/Documents/barrel/DANet/venv/lib/python3.10/site-packages/torch/include/ATen/ATen.h:11,
                 from /home/winterguy/Documents/barrel/DANet/encoding/lib/cpu/rectify_cpu.cpp:1:
/home/winterguy/Documents/barrel/DANet/encoding/lib/cpu/rectify_cpu.cpp: In lambda function:
/home/winterguy/Documents/barrel/DANet/encoding/lib/cpu/rectify_cpu.cpp:197:40: warning: ‘at::DeprecatedTypeProperties& at::Tensor::type() const’ is deprecated: Tensor.type() is deprecated. Instead use Tensor.options(), which in many cases (e.g. in a constructor) is a drop-in replacement. If you were using data from type(), that is now available from Tensor itself, so instead of tensor.type().scalar_type(), use tensor.scalar_type() instead and instead of tensor.type().backend() use tensor.device(). [-Wdeprecated-declarations]
  197 |   AT_DISPATCH_FLOATING_TYPES(input.type(), "conv_rectify_cuda_frame", ([&] {
      |                              ~~~~~~~~~~^~
In file included from /home/winterguy/Documents/barrel/DANet/venv/lib/python3.10/site-packages/torch/include/ATen/core/ivalue.h:4,
                 from /home/winterguy/Documents/barrel/DANet/venv/lib/python3.10/site-packages/torch/include/ATen/core/List_inl.h:4,
                 from /home/winterguy/Documents/barrel/DANet/venv/lib/python3.10/site-packages/torch/include/ATen/core/List.h:488,
                 from /home/winterguy/Documents/barrel/DANet/venv/lib/python3.10/site-packages/torch/include/ATen/core/IListRef_inl.h:3,
                 from /home/winterguy/Documents/barrel/DANet/venv/lib/python3.10/site-packages/torch/include/ATen/core/IListRef.h:631,
                 from /home/winterguy/Documents/barrel/DANet/venv/lib/python3.10/site-packages/torch/include/ATen/DeviceGuard.h:3,
                 from /home/winterguy/Documents/barrel/DANet/venv/lib/python3.10/site-packages/torch/include/ATen/ATen.h:9:
/home/winterguy/Documents/barrel/DANet/venv/lib/python3.10/site-packages/torch/include/ATen/core/TensorBody.h:225:30: note: declared here
  225 |   DeprecatedTypeProperties & type() const {
      |                              ^~~~
/home/winterguy/Documents/barrel/DANet/encoding/lib/cpu/rectify_cpu.cpp: At global scope:
/home/winterguy/Documents/barrel/DANet/encoding/lib/cpu/rectify_cpu.cpp:232:1: fatal error: error writing to /tmp/cc5ir8R8.s: No space left on device
  232 | }
      | ^
compilation terminated.
[4/7] c++ -MMD -MF roi_align_cpu.o.d -DTORCH_EXTENSION_NAME=enclib_cpu -DTORCH_API_INCLUDE_EXTENSION_H -DPYBIND11_COMPILER_TYPE=\"_gcc\" -DPYBIND11_STDLIB=\"_libstdcpp\" -DPYBIND11_BUILD_ABI=\"_cxxabi1011\" -isystem /home/winterguy/Documents/barrel/DANet/venv/lib/python3.10/site-packages/torch/include -isystem /home/winterguy/Documents/barrel/DANet/venv/lib/python3.10/site-packages/torch/include/torch/csrc/api/include -isystem /home/winterguy/Documents/barrel/DANet/venv/lib/python3.10/site-packages/torch/include/TH -isystem /home/winterguy/Documents/barrel/DANet/venv/lib/python3.10/site-packages/torch/include/THC -isystem /home/winterguy/.pyenv/versions/3.10.13/include/python3.10 -D_GLIBCXX_USE_CXX11_ABI=0 -fPIC -std=c++17 -c /home/winterguy/Documents/barrel/DANet/encoding/lib/cpu/roi_align_cpu.cpp -o roi_align_cpu.o -fPIC -D__HIP_PLATFORM_AMD__=1 -DUSE_ROCM=1 -DHIPBLAS_V2
FAILED: [code=1] roi_align_cpu.o 
c++ -MMD -MF roi_align_cpu.o.d -DTORCH_EXTENSION_NAME=enclib_cpu -DTORCH_API_INCLUDE_EXTENSION_H -DPYBIND11_COMPILER_TYPE=\"_gcc\" -DPYBIND11_STDLIB=\"_libstdcpp\" -DPYBIND11_BUILD_ABI=\"_cxxabi1011\" -isystem /home/winterguy/Documents/barrel/DANet/venv/lib/python3.10/site-packages/torch/include -isystem /home/winterguy/Documents/barrel/DANet/venv/lib/python3.10/site-packages/torch/include/torch/csrc/api/include -isystem /home/winterguy/Documents/barrel/DANet/venv/lib/python3.10/site-packages/torch/include/TH -isystem /home/winterguy/Documents/barrel/DANet/venv/lib/python3.10/site-packages/torch/include/THC -isystem /home/winterguy/.pyenv/versions/3.10.13/include/python3.10 -D_GLIBCXX_USE_CXX11_ABI=0 -fPIC -std=c++17 -c /home/winterguy/Documents/barrel/DANet/encoding/lib/cpu/roi_align_cpu.cpp -o roi_align_cpu.o -fPIC -D__HIP_PLATFORM_AMD__=1 -DUSE_ROCM=1 -DHIPBLAS_V2
In file included from /home/winterguy/Documents/barrel/DANet/venv/lib/python3.10/site-packages/torch/include/ATen/ATen.h:11,
                 from /home/winterguy/Documents/barrel/DANet/venv/lib/python3.10/site-packages/torch/include/torch/csrc/api/include/torch/types.h:3,
                 from /home/winterguy/Documents/barrel/DANet/venv/lib/python3.10/site-packages/torch/include/torch/csrc/api/include/torch/data/dataloader_options.h:4,
                 from /home/winterguy/Documents/barrel/DANet/venv/lib/python3.10/site-packages/torch/include/torch/csrc/api/include/torch/data/dataloader/base.h:3,
                 from /home/winterguy/Documents/barrel/DANet/venv/lib/python3.10/site-packages/torch/include/torch/csrc/api/include/torch/data/dataloader/stateful.h:4,
                 from /home/winterguy/Documents/barrel/DANet/venv/lib/python3.10/site-packages/torch/include/torch/csrc/api/include/torch/data/dataloader.h:3,
                 from /home/winterguy/Documents/barrel/DANet/venv/lib/python3.10/site-packages/torch/include/torch/csrc/api/include/torch/data.h:3,
                 from /home/winterguy/Documents/barrel/DANet/venv/lib/python3.10/site-packages/torch/include/torch/csrc/api/include/torch/all.h:9,
                 from /home/winterguy/Documents/barrel/DANet/venv/lib/python3.10/site-packages/torch/include/torch/extension.h:5,
                 from /home/winterguy/Documents/barrel/DANet/encoding/lib/cpu/roi_align_cpu.cpp:1:
/home/winterguy/Documents/barrel/DANet/encoding/lib/cpu/roi_align_cpu.cpp: In lambda function:
/home/winterguy/Documents/barrel/DANet/encoding/lib/cpu/roi_align_cpu.cpp:413:40: warning: ‘at::DeprecatedTypeProperties& at::Tensor::type() const’ is deprecated: Tensor.type() is deprecated. Instead use Tensor.options(), which in many cases (e.g. in a constructor) is a drop-in replacement. If you were using data from type(), that is now available from Tensor itself, so instead of tensor.type().scalar_type(), use tensor.scalar_type() instead and instead of tensor.type().backend() use tensor.device(). [-Wdeprecated-declarations]
  413 |   AT_DISPATCH_FLOATING_TYPES(input.type(), "ROIAlign_Forward_CPU", ([&] {
      |                              ~~~~~~~~~~^~
In file included from /home/winterguy/Documents/barrel/DANet/venv/lib/python3.10/site-packages/torch/include/ATen/core/Tensor.h:3,
                 from /home/winterguy/Documents/barrel/DANet/venv/lib/python3.10/site-packages/torch/include/ATen/Tensor.h:3,
                 from /home/winterguy/Documents/barrel/DANet/venv/lib/python3.10/site-packages/torch/include/torch/csrc/autograd/function_hook.h:3,
                 from /home/winterguy/Documents/barrel/DANet/venv/lib/python3.10/site-packages/torch/include/torch/csrc/autograd/cpp_hook.h:2,
                 from /home/winterguy/Documents/barrel/DANet/venv/lib/python3.10/site-packages/torch/include/torch/csrc/autograd/variable.h:6,
                 from /home/winterguy/Documents/barrel/DANet/venv/lib/python3.10/site-packages/torch/include/torch/csrc/autograd/autograd.h:3,
                 from /home/winterguy/Documents/barrel/DANet/venv/lib/python3.10/site-packages/torch/include/torch/csrc/api/include/torch/autograd.h:3,
                 from /home/winterguy/Documents/barrel/DANet/venv/lib/python3.10/site-packages/torch/include/torch/csrc/api/include/torch/all.h:7:
/home/winterguy/Documents/barrel/DANet/venv/lib/python3.10/site-packages/torch/include/ATen/core/TensorBody.h:225:30: note: declared here
  225 |   DeprecatedTypeProperties & type() const {
      |                              ^~~~
/home/winterguy/Documents/barrel/DANet/encoding/lib/cpu/roi_align_cpu.cpp: In lambda function:
/home/winterguy/Documents/barrel/DANet/encoding/lib/cpu/roi_align_cpu.cpp:416:27: warning: ‘T* at::Tensor::data() const [with T = double]’ is deprecated: Tensor.data<T>() is deprecated. Please use Tensor.data_ptr<T>() instead. [-Wdeprecated-declarations]
  416 |       input.data<scalar_t>(),
      |       ~~~~~~~~~~~~~~~~~~~~^~
/home/winterguy/Documents/barrel/DANet/venv/lib/python3.10/site-packages/torch/include/ATen/core/TensorBody.h:247:7: note: declared here
  247 |   T * data() const {
      |       ^~~~
/home/winterguy/Documents/barrel/DANet/encoding/lib/cpu/roi_align_cpu.cpp:424:33: warning: ‘T* at::Tensor::data() const [with T = double]’ is deprecated: Tensor.data<T>() is deprecated. Please use Tensor.data_ptr<T>() instead. [-Wdeprecated-declarations]
  424 |       bottom_rois.data<scalar_t>(),
      |       ~~~~~~~~~~~~~~~~~~~~~~~~~~^~
/home/winterguy/Documents/barrel/DANet/venv/lib/python3.10/site-packages/torch/include/ATen/core/TensorBody.h:247:7: note: declared here
  247 |   T * data() const {
      |       ^~~~
/home/winterguy/Documents/barrel/DANet/encoding/lib/cpu/roi_align_cpu.cpp:426:28: warning: ‘T* at::Tensor::data() const [with T = double]’ is deprecated: Tensor.data<T>() is deprecated. Please use Tensor.data_ptr<T>() instead. [-Wdeprecated-declarations]
  426 |       output.data<scalar_t>());
      |       ~~~~~~~~~~~~~~~~~~~~~^~
/home/winterguy/Documents/barrel/DANet/venv/lib/python3.10/site-packages/torch/include/ATen/core/TensorBody.h:247:7: note: declared here
  247 |   T * data() const {
      |       ^~~~
/home/winterguy/Documents/barrel/DANet/encoding/lib/cpu/roi_align_cpu.cpp: In lambda function:
/home/winterguy/Documents/barrel/DANet/encoding/lib/cpu/roi_align_cpu.cpp:416:27: warning: ‘T* at::Tensor::data() const [with T = float]’ is deprecated: Tensor.data<T>() is deprecated. Please use Tensor.data_ptr<T>() instead. [-Wdeprecated-declarations]
  416 |       input.data<scalar_t>(),
      |       ~~~~~~~~~~~~~~~~~~~~^~
/home/winterguy/Documents/barrel/DANet/venv/lib/python3.10/site-packages/torch/include/ATen/core/TensorBody.h:247:7: note: declared here
  247 |   T * data() const {
      |       ^~~~
/home/winterguy/Documents/barrel/DANet/encoding/lib/cpu/roi_align_cpu.cpp:424:33: warning: ‘T* at::Tensor::data() const [with T = float]’ is deprecated: Tensor.data<T>() is deprecated. Please use Tensor.data_ptr<T>() instead. [-Wdeprecated-declarations]
  424 |       bottom_rois.data<scalar_t>(),
      |       ~~~~~~~~~~~~~~~~~~~~~~~~~~^~
/home/winterguy/Documents/barrel/DANet/venv/lib/python3.10/site-packages/torch/include/ATen/core/TensorBody.h:247:7: note: declared here
  247 |   T * data() const {
      |       ^~~~
/home/winterguy/Documents/barrel/DANet/encoding/lib/cpu/roi_align_cpu.cpp:426:28: warning: ‘T* at::Tensor::data() const [with T = float]’ is deprecated: Tensor.data<T>() is deprecated. Please use Tensor.data_ptr<T>() instead. [-Wdeprecated-declarations]
  426 |       output.data<scalar_t>());
      |       ~~~~~~~~~~~~~~~~~~~~~^~
/home/winterguy/Documents/barrel/DANet/venv/lib/python3.10/site-packages/torch/include/ATen/core/TensorBody.h:247:7: note: declared here
  247 |   T * data() const {
      |       ^~~~
/home/winterguy/Documents/barrel/DANet/encoding/lib/cpu/roi_align_cpu.cpp: In lambda function:
/home/winterguy/Documents/barrel/DANet/encoding/lib/cpu/roi_align_cpu.cpp:459:46: warning: ‘at::DeprecatedTypeProperties& at::Tensor::type() const’ is deprecated: Tensor.type() is deprecated. Instead use Tensor.options(), which in many cases (e.g. in a constructor) is a drop-in replacement. If you were using data from type(), that is now available from Tensor itself, so instead of tensor.type().scalar_type(), use tensor.scalar_type() instead and instead of tensor.type().backend() use tensor.device(). [-Wdeprecated-declarations]
  459 |   AT_DISPATCH_FLOATING_TYPES(bottom_rois.type(), "ROIAlign_Backward_CPU", ([&] {
      |                              ~~~~~~~~~~~~~~~~^~
/home/winterguy/Documents/barrel/DANet/venv/lib/python3.10/site-packages/torch/include/ATen/core/TensorBody.h:225:30: note: declared here
  225 |   DeprecatedTypeProperties & type() const {
      |                              ^~~~
/home/winterguy/Documents/barrel/DANet/encoding/lib/cpu/roi_align_cpu.cpp: In lambda function:
/home/winterguy/Documents/barrel/DANet/encoding/lib/cpu/roi_align_cpu.cpp:462:33: warning: ‘T* at::Tensor::data() const [with T = double]’ is deprecated: Tensor.data<T>() is deprecated. Please use Tensor.data_ptr<T>() instead. [-Wdeprecated-declarations]
  462 |       grad_output.data<scalar_t>(),
      |       ~~~~~~~~~~~~~~~~~~~~~~~~~~^~
/home/winterguy/Documents/barrel/DANet/venv/lib/python3.10/site-packages/torch/include/ATen/core/TensorBody.h:247:7: note: declared here
  247 |   T * data() const {
      |       ^~~~
/home/winterguy/Documents/barrel/DANet/encoding/lib/cpu/roi_align_cpu.cpp:471:29: warning: ‘T* at::Tensor::data() const [with T = double]’ is deprecated: Tensor.data<T>() is deprecated. Please use Tensor.data_ptr<T>() instead. [-Wdeprecated-declarations]
  471 |       grad_in.data<scalar_t>(),
      |       ~~~~~~~~~~~~~~~~~~~~~~^~
/home/winterguy/Documents/barrel/DANet/venv/lib/python3.10/site-packages/torch/include/ATen/core/TensorBody.h:247:7: note: declared here
  247 |   T * data() const {
      |       ^~~~
/home/winterguy/Documents/barrel/DANet/encoding/lib/cpu/roi_align_cpu.cpp:472:33: warning: ‘T* at::Tensor::data() const [with T = double]’ is deprecated: Tensor.data<T>() is deprecated. Please use Tensor.data_ptr<T>() instead. [-Wdeprecated-declarations]
  472 |       bottom_rois.data<scalar_t>(),
      |       ~~~~~~~~~~~~~~~~~~~~~~~~~~^~
/home/winterguy/Documents/barrel/DANet/venv/lib/python3.10/site-packages/torch/include/ATen/core/TensorBody.h:247:7: note: declared here
  247 |   T * data() const {
      |       ^~~~
/home/winterguy/Documents/barrel/DANet/encoding/lib/cpu/roi_align_cpu.cpp: In lambda function:
/home/winterguy/Documents/barrel/DANet/encoding/lib/cpu/roi_align_cpu.cpp:462:33: warning: ‘T* at::Tensor::data() const [with T = float]’ is deprecated: Tensor.data<T>() is deprecated. Please use Tensor.data_ptr<T>() instead. [-Wdeprecated-declarations]
  462 |       grad_output.data<scalar_t>(),
      |       ~~~~~~~~~~~~~~~~~~~~~~~~~~^~
/home/winterguy/Documents/barrel/DANet/venv/lib/python3.10/site-packages/torch/include/ATen/core/TensorBody.h:247:7: note: declared here
  247 |   T * data() const {
      |       ^~~~
/home/winterguy/Documents/barrel/DANet/encoding/lib/cpu/roi_align_cpu.cpp:471:29: warning: ‘T* at::Tensor::data() const [with T = float]’ is deprecated: Tensor.data<T>() is deprecated. Please use Tensor.data_ptr<T>() instead. [-Wdeprecated-declarations]
  471 |       grad_in.data<scalar_t>(),
      |       ~~~~~~~~~~~~~~~~~~~~~~^~
/home/winterguy/Documents/barrel/DANet/venv/lib/python3.10/site-packages/torch/include/ATen/core/TensorBody.h:247:7: note: declared here
  247 |   T * data() const {
      |       ^~~~
/home/winterguy/Documents/barrel/DANet/encoding/lib/cpu/roi_align_cpu.cpp:472:33: warning: ‘T* at::Tensor::data() const [with T = float]’ is deprecated: Tensor.data<T>() is deprecated. Please use Tensor.data_ptr<T>() instead. [-Wdeprecated-declarations]
  472 |       bottom_rois.data<scalar_t>(),
      |       ~~~~~~~~~~~~~~~~~~~~~~~~~~^~
/home/winterguy/Documents/barrel/DANet/venv/lib/python3.10/site-packages/torch/include/ATen/core/TensorBody.h:247:7: note: declared here
  247 |   T * data() const {
      |       ^~~~
/home/winterguy/Documents/barrel/DANet/encoding/lib/cpu/roi_align_cpu.cpp: At global scope:
/home/winterguy/Documents/barrel/DANet/encoding/lib/cpu/roi_align_cpu.cpp:477:1: fatal error: error writing to /tmp/ccADyV1Q.s: No space left on device
  477 | }
      | ^
compilation terminated.
[5/7] c++ -MMD -MF syncbn_cpu.o.d -DTORCH_EXTENSION_NAME=enclib_cpu -DTORCH_API_INCLUDE_EXTENSION_H -DPYBIND11_COMPILER_TYPE=\"_gcc\" -DPYBIND11_STDLIB=\"_libstdcpp\" -DPYBIND11_BUILD_ABI=\"_cxxabi1011\" -isystem /home/winterguy/Documents/barrel/DANet/venv/lib/python3.10/site-packages/torch/include -isystem /home/winterguy/Documents/barrel/DANet/venv/lib/python3.10/site-packages/torch/include/torch/csrc/api/include -isystem /home/winterguy/Documents/barrel/DANet/venv/lib/python3.10/site-packages/torch/include/TH -isystem /home/winterguy/Documents/barrel/DANet/venv/lib/python3.10/site-packages/torch/include/THC -isystem /home/winterguy/.pyenv/versions/3.10.13/include/python3.10 -D_GLIBCXX_USE_CXX11_ABI=0 -fPIC -std=c++17 -c /home/winterguy/Documents/barrel/DANet/encoding/lib/cpu/syncbn_cpu.cpp -o syncbn_cpu.o -fPIC -D__HIP_PLATFORM_AMD__=1 -DUSE_ROCM=1 -DHIPBLAS_V2
FAILED: [code=1] syncbn_cpu.o 
c++ -MMD -MF syncbn_cpu.o.d -DTORCH_EXTENSION_NAME=enclib_cpu -DTORCH_API_INCLUDE_EXTENSION_H -DPYBIND11_COMPILER_TYPE=\"_gcc\" -DPYBIND11_STDLIB=\"_libstdcpp\" -DPYBIND11_BUILD_ABI=\"_cxxabi1011\" -isystem /home/winterguy/Documents/barrel/DANet/venv/lib/python3.10/site-packages/torch/include -isystem /home/winterguy/Documents/barrel/DANet/venv/lib/python3.10/site-packages/torch/include/torch/csrc/api/include -isystem /home/winterguy/Documents/barrel/DANet/venv/lib/python3.10/site-packages/torch/include/TH -isystem /home/winterguy/Documents/barrel/DANet/venv/lib/python3.10/site-packages/torch/include/THC -isystem /home/winterguy/.pyenv/versions/3.10.13/include/python3.10 -D_GLIBCXX_USE_CXX11_ABI=0 -fPIC -std=c++17 -c /home/winterguy/Documents/barrel/DANet/encoding/lib/cpu/syncbn_cpu.cpp -o syncbn_cpu.o -fPIC -D__HIP_PLATFORM_AMD__=1 -DUSE_ROCM=1 -DHIPBLAS_V2
/home/winterguy/Documents/barrel/DANet/encoding/lib/cpu/syncbn_cpu.cpp:61:1: fatal error: error writing to /tmp/ccd1G3wO.s: No space left on device
   61 | }
      | ^
compilation terminated.
[6/7] c++ -MMD -MF operator.o.d -DTORCH_EXTENSION_NAME=enclib_cpu -DTORCH_API_INCLUDE_EXTENSION_H -DPYBIND11_COMPILER_TYPE=\"_gcc\" -DPYBIND11_STDLIB=\"_libstdcpp\" -DPYBIND11_BUILD_ABI=\"_cxxabi1011\" -isystem /home/winterguy/Documents/barrel/DANet/venv/lib/python3.10/site-packages/torch/include -isystem /home/winterguy/Documents/barrel/DANet/venv/lib/python3.10/site-packages/torch/include/torch/csrc/api/include -isystem /home/winterguy/Documents/barrel/DANet/venv/lib/python3.10/site-packages/torch/include/TH -isystem /home/winterguy/Documents/barrel/DANet/venv/lib/python3.10/site-packages/torch/include/THC -isystem /home/winterguy/.pyenv/versions/3.10.13/include/python3.10 -D_GLIBCXX_USE_CXX11_ABI=0 -fPIC -std=c++17 -c /home/winterguy/Documents/barrel/DANet/encoding/lib/cpu/operator.cpp -o operator.o -fPIC -D__HIP_PLATFORM_AMD__=1 -DUSE_ROCM=1 -DHIPBLAS_V2
FAILED: [code=1] operator.o 
c++ -MMD -MF operator.o.d -DTORCH_EXTENSION_NAME=enclib_cpu -DTORCH_API_INCLUDE_EXTENSION_H -DPYBIND11_COMPILER_TYPE=\"_gcc\" -DPYBIND11_STDLIB=\"_libstdcpp\" -DPYBIND11_BUILD_ABI=\"_cxxabi1011\" -isystem /home/winterguy/Documents/barrel/DANet/venv/lib/python3.10/site-packages/torch/include -isystem /home/winterguy/Documents/barrel/DANet/venv/lib/python3.10/site-packages/torch/include/torch/csrc/api/include -isystem /home/winterguy/Documents/barrel/DANet/venv/lib/python3.10/site-packages/torch/include/TH -isystem /home/winterguy/Documents/barrel/DANet/venv/lib/python3.10/site-packages/torch/include/THC -isystem /home/winterguy/.pyenv/versions/3.10.13/include/python3.10 -D_GLIBCXX_USE_CXX11_ABI=0 -fPIC -std=c++17 -c /home/winterguy/Documents/barrel/DANet/encoding/lib/cpu/operator.cpp -o operator.o -fPIC -D__HIP_PLATFORM_AMD__=1 -DUSE_ROCM=1 -DHIPBLAS_V2
In file included from /home/winterguy/Documents/barrel/DANet/encoding/lib/cpu/operator.cpp:1:
/home/winterguy/Documents/barrel/DANet/encoding/lib/cpu/operator.h: In function ‘pybind11::array_t<float> apply_transform(int, int, int, pybind11::array_t<float>, pybind11::array_t<float>)’:
/home/winterguy/Documents/barrel/DANet/encoding/lib/cpu/operator.h:96:29: warning: narrowing conversion of ‘(long unsigned int)img_buf.pybind11::buffer_info::size’ from ‘long unsigned int’ to ‘pybind11::ssize_t’ {aka ‘long int’} [-Wnarrowing]
   96 |   py::array_t<float> result{(unsigned long)img_buf.size};
      |                             ^~~~~~~~~~~~~~~~~~~~~~~~~~~
/home/winterguy/Documents/barrel/DANet/encoding/lib/cpu/operator.cpp: At global scope:
/home/winterguy/Documents/barrel/DANet/encoding/lib/cpu/operator.cpp:18:1: fatal error: error writing to /tmp/ccwteYnV.s: No space left on device
   18 | }
      | ^
compilation terminated.
ninja: build stopped: subcommand failed.

